<?xml version="1.0" encoding="UTF-8"?>
<!-- Generated by org.testng.reporters.JUnitReportReporter -->
<testsuite hostname="LTIN234336" failures="0" tests="1" name="testCases.TC_001_CarLoan" time="6.548" errors="0" timestamp="2024-02-12T14:57:05 IST" skipped="0">
  <testcase classname="testCases.TC_001_CarLoan" name="CarEMICalculator" time="6.548"/>
  <system-out/>
</testsuite> <!-- testCases.TC_001_CarLoan -->
