<?xml version="1.0" encoding="UTF-8"?>
<!-- Generated by org.testng.reporters.JUnitReportReporter -->
<testsuite hostname="LTIN234336" failures="0" tests="1" name="testCases.TC_001_CarLoan" time="7.608" errors="0" timestamp="2024-02-12T09:44:48 IST" skipped="0">
  <testcase classname="testCases.TC_001_CarLoan" name="CarEMICalculator" time="7.608"/>
  <system-out/>
</testsuite> <!-- testCases.TC_001_CarLoan -->
