<?xml version="1.0" encoding="UTF-8"?>
<!-- Generated by org.testng.reporters.JUnitReportReporter -->
<testsuite hostname="LTIN234336" failures="0" tests="4" name="testCases.TC_004_LoanAmountCalculator" time="7.125" errors="0" timestamp="2024-02-12T09:44:48 IST" skipped="0">
  <testcase classname="testCases.TC_004_LoanAmountCalculator" name="selectLoanAmtCalculator" time="1.370"/>
  <system-out/>
  <testcase classname="testCases.TC_004_LoanAmountCalculator" name="textBoxValidation" time="0.161"/>
  <system-out/>
  <testcase classname="testCases.TC_004_LoanAmountCalculator" name="sliderValidation" time="4.628"/>
  <system-out/>
  <testcase classname="testCases.TC_004_LoanAmountCalculator" name="loanTenureValidation" time="0.966"/>
  <system-out/>
</testsuite> <!-- testCases.TC_004_LoanAmountCalculator -->
