<?xml version="1.0" encoding="UTF-8"?>
<!-- Generated by org.testng.reporters.JUnitReportReporter -->
<testsuite hostname="LTIN234336" failures="0" tests="3" name="testCases.TC_005_LoanTenureCalculator" time="5.932" errors="0" timestamp="2024-02-12T09:44:48 IST" skipped="0">
  <testcase classname="testCases.TC_005_LoanTenureCalculator" name="selectLoanTenureCalculator" time="1.183"/>
  <system-out/>
  <testcase classname="testCases.TC_005_LoanTenureCalculator" name="textBoxValidation" time="0.193"/>
  <system-out/>
  <testcase classname="testCases.TC_005_LoanTenureCalculator" name="sliderValidation" time="4.556"/>
  <system-out/>
</testsuite> <!-- testCases.TC_005_LoanTenureCalculator -->
