<?xml version="1.0" encoding="UTF-8"?>
<!-- Generated by org.testng.reporters.JUnitReportReporter -->
<testsuite hostname="LTIN234336" failures="0" tests="2" name="testCases.TC_002_HomeLoan" time="7.330" errors="0" timestamp="2024-02-12T09:44:48 IST" skipped="0">
  <testcase classname="testCases.TC_002_HomeLoan" name="getYearOYearData" time="2.937"/>
  <system-out/>
  <testcase classname="testCases.TC_002_HomeLoan" name="homeEMICalculator" time="4.393"/>
  <system-out/>
</testsuite> <!-- testCases.TC_002_HomeLoan -->
