<?xml version="1.0" encoding="UTF-8"?>
<!-- Generated by org.testng.reporters.JUnitReportReporter -->
<testsuite hostname="LTIN234336" failures="0" tests="1" name="testCases.TC_001_CarLoan" time="4.477" errors="0" timestamp="2024-02-12T10:55:35 IST" skipped="0">
  <testcase classname="testCases.TC_001_CarLoan" name="CarEMICalculator" time="4.477"/>
  <system-out/>
</testsuite> <!-- testCases.TC_001_CarLoan -->
