<?xml version="1.0" encoding="UTF-8"?>
<!-- Generated by org.testng.reporters.JUnitReportReporter -->
<testsuite hostname="LTIN234336" failures="0" tests="4" name="testCases.TC_003_LoanEMICalculator" time="7.054" errors="0" timestamp="2024-02-12T09:44:48 IST" skipped="0">
  <testcase classname="testCases.TC_003_LoanEMICalculator" name="selectEMICalculator" time="1.419"/>
  <system-out/>
  <testcase classname="testCases.TC_003_LoanEMICalculator" name="textBoxValidation" time="0.143"/>
  <system-out/>
  <testcase classname="testCases.TC_003_LoanEMICalculator" name="sliderValidation" time="4.740"/>
  <system-out/>
  <testcase classname="testCases.TC_003_LoanEMICalculator" name="loanTenureValidation" time="0.752"/>
  <system-out/>
</testsuite> <!-- testCases.TC_003_LoanEMICalculator -->
