<?xml version="1.0" encoding="UTF-8"?>
<!-- Generated by org.testng.reporters.JUnitReportReporter -->
<testsuite hostname="LTIN236212" failures="0" tests="4" name="testCases.TC_003_LoanCalculator" time="7.793" errors="0" timestamp="2024-02-02T09:18:44 IST" skipped="0">
  <testcase classname="testCases.TC_003_LoanCalculator" name="sliderValidation" time="5.430"/>
  <system-out/>
  <testcase classname="testCases.TC_003_LoanCalculator" name="loanTenureValidation" time="0.279"/>
  <system-out/>
  <testcase classname="testCases.TC_003_LoanCalculator" name="textBoxValidation" time="0.152"/>
  <system-out/>
  <testcase classname="testCases.TC_003_LoanCalculator" name="selectCalculator" time="1.932"/>
  <system-out/>
</testsuite> <!-- testCases.TC_003_LoanCalculator -->
